<?xml version="1.0" encoding="UTF-8"?>
<!-- Generated by org.testng.reporters.JUnitXMLReporter -->
<testsuite ignored="0" hostname="DESKTOP-T8KK8TA" failures="0" tests="16" name="Test" time="69.698" errors="0" timestamp="2023-10-12T20:49:46 ICT">
  <testcase classname="MyAccountPage.AccountPage" name="@BeforeMethod openMyAcc" time="4.42">
    <failure type="org.openqa.selenium.NoSuchElementException" message="no such element: Unable to locate element: {&amp;quot;method&amp;quot;:&amp;quot;xpath&amp;quot;,&amp;quot;selector&amp;quot;:&amp;quot;//a[@class=&amp;apos;ico-account&amp;apos;]&amp;quot;}
  (Session info: chrome=117.0.5938.152)
For documentation on this error, please visit: https://www.selenium.dev/documentation/webdriver/troubleshooting/errors#no-such-element-exception
Build info: version: &amp;apos;4.12.0&amp;apos;, revision: &amp;apos;249f2a7d1b*&amp;apos;
System info: os.name: &amp;apos;Windows 11&amp;apos;, os.arch: &amp;apos;amd64&amp;apos;, os.version: &amp;apos;10.0&amp;apos;, java.version: &amp;apos;20.0.2&amp;apos;
Driver info: org.openqa.selenium.chrome.ChromeDriver
Command: [73327376b897bde531b6f84785a8567a, findElement {using=xpath, value=//a[@class=&amp;apos;ico-account&amp;apos;]}]
Capabilities {acceptInsecureCerts: false, browserName: chrome, browserVersion: 117.0.5938.152, chrome: {chromedriverVersion: 117.0.5938.149 (e3344ddefa1..., userDataDir: C:\WINDOWS\SystemTemp\scope...}, fedcm:accounts: true, goog:chromeOptions: {debuggerAddress: localhost:52269}, networkConnectionEnabled: false, pageLoadStrategy: normal, platformName: windows, proxy: Proxy(), se:cdp: ws://localhost:52269/devtoo..., se:cdpVersion: 117.0.5938.152, setWindowRect: true, strictFileInteractability: false, timeouts: {implicit: 0, pageLoad: 300000, script: 30000}, unhandledPromptBehavior: dismiss and notify, webauthn:extension:credBlob: true, webauthn:extension:largeBlob: true, webauthn:extension:minPinLength: true, webauthn:extension:prf: true, webauthn:virtualAuthenticators: true}
Session ID: 73327376b897bde531b6f84785a8567a">
      <![CDATA[org.openqa.selenium.NoSuchElementException: no such element: Unable to locate element: {"method":"xpath","selector":"//a[@class='ico-account']"}
  (Session info: chrome=117.0.5938.152)
For documentation on this error, please visit: https://www.selenium.dev/documentation/webdriver/troubleshooting/errors#no-such-element-exception
Build info: version: '4.12.0', revision: '249f2a7d1b*'
System info: os.name: 'Windows 11', os.arch: 'amd64', os.version: '10.0', java.version: '20.0.2'
Driver info: org.openqa.selenium.chrome.ChromeDriver
Command: [73327376b897bde531b6f84785a8567a, findElement {using=xpath, value=//a[@class='ico-account']}]
Capabilities {acceptInsecureCerts: false, browserName: chrome, browserVersion: 117.0.5938.152, chrome: {chromedriverVersion: 117.0.5938.149 (e3344ddefa1..., userDataDir: C:\WINDOWS\SystemTemp\scope...}, fedcm:accounts: true, goog:chromeOptions: {debuggerAddress: localhost:52269}, networkConnectionEnabled: false, pageLoadStrategy: normal, platformName: windows, proxy: Proxy(), se:cdp: ws://localhost:52269/devtoo..., se:cdpVersion: 117.0.5938.152, setWindowRect: true, strictFileInteractability: false, timeouts: {implicit: 0, pageLoad: 300000, script: 30000}, unhandledPromptBehavior: dismiss and notify, webauthn:extension:credBlob: true, webauthn:extension:largeBlob: true, webauthn:extension:minPinLength: true, webauthn:extension:prf: true, webauthn:virtualAuthenticators: true}
Session ID: 73327376b897bde531b6f84785a8567a
at org.openqa.selenium.remote.codec.w3c.W3CHttpResponseCodec.createException(W3CHttpResponseCodec.java:200)
at org.openqa.selenium.remote.codec.w3c.W3CHttpResponseCodec.decode(W3CHttpResponseCodec.java:133)
at org.openqa.selenium.remote.codec.w3c.W3CHttpResponseCodec.decode(W3CHttpResponseCodec.java:52)
at org.openqa.selenium.remote.HttpCommandExecutor.execute(HttpCommandExecutor.java:191)
at org.openqa.selenium.remote.service.DriverCommandExecutor.invokeExecute(DriverCommandExecutor.java:196)
at org.openqa.selenium.remote.service.DriverCommandExecutor.execute(DriverCommandExecutor.java:171)
at org.openqa.selenium.remote.RemoteWebDriver.execute(RemoteWebDriver.java:602)
at org.openqa.selenium.remote.ElementLocation$ElementFinder$2.findElement(ElementLocation.java:165)
at org.openqa.selenium.remote.ElementLocation.findElement(ElementLocation.java:59)
at org.openqa.selenium.remote.RemoteWebDriver.findElement(RemoteWebDriver.java:359)
at org.openqa.selenium.remote.RemoteWebDriver.findElement(RemoteWebDriver.java:353)
at MyAccountPage.AccountPage.openMyAcc(AccountPage.java:68)
at java.base/java.util.ArrayList.forEach(ArrayList.java:1511)
... Removed 32 stack frames]]>
    </failure>
  </testcase> <!-- @BeforeMethod openMyAcc -->
  <testcase classname="MyAccountPage.AccountPage" name="@AfterMethod mess" time="0.0">
    <skipped/>
  </testcase> <!-- @AfterMethod mess -->
  <testcase classname="RegisterPage.Register" name="testRegister1_EmptyData" time="2.202"/>
  <testcase classname="RegisterPage.Register" name="testRegister2_InvalidEmail" time="2.4"/>
  <testcase classname="RegisterPage.Register" name="testRegister3_CorrectInformation" time="2.915"/>
  <testcase classname="RegisterPage.Register" name="testRegister4_Email_already_exists" time="2.846"/>
  <testcase classname="RegisterPage.Register" name="testRegister5_Password_is_less_than_6_characters" time="2.135"/>
  <testcase classname="RegisterPage.Register" name="testRegister6_Password_different_ConfirmPass" time="2.178"/>
  <testcase classname="LoginPage.Login" name="testLogin1_EmptyData" time="2.108"/>
  <testcase classname="LoginPage.Login" name="testLogin2_InvalidEmail" time="2.164"/>
  <testcase classname="LoginPage.Login" name="testLogin3_Unregistered_Email" time="2.646"/>
  <testcase classname="LoginPage.Login" name="testLogin4_RegisteredEmail_And_EmptyPass" time="2.597"/>
  <testcase classname="LoginPage.Login" name="testLogin5_RegisteredEmail_And_WrongPass" time="2.584"/>
  <testcase classname="LoginPage.Login" name="testLogin6_CorrectInformation" time="2.763"/>
  <testcase classname="MyAccountPage.AccountPage" name="testMyAcc1_Update_Information_Cus" time="0.0">
    <skipped/>
  </testcase> <!-- testMyAcc1_Update_Information_Cus -->
  <testcase classname="SearchPage.Search" name="testSearch1_With_EmptyData" time="2.072"/>
  <testcase classname="SearchPage.Search" name="testSearch2_Data_Not_Exist" time="3.322"/>
  <testcase classname="SearchPage.Search" name="testSearch3_ProductName_Absolute" time="2.567"/>
</testsuite> <!-- Test -->
